<?xml version="1.0" encoding="UTF-8"?>
<testsuite xmlns:xsi="http://www.w3.org/2001/XMLSchema-instance" xsi:noNamespaceSchemaLocation="https://maven.apache.org/surefire/maven-surefire-plugin/xsd/surefire-test-report-3.0.xsd" version="3.0" name="com.awesomepizza.ServizioOrdiniTest" time="0.083" tests="4" errors="0" skipped="0" failures="0">
  <properties>
[...]
</properties>
  <testcase name="testNonPermettePiùOrdiniInPreparazione" classname="com.awesomepizza.ServizioOrdiniTest" time="0.057"/>
  <testcase name="testAggiungiOrdine" classname="com.awesomepizza.ServizioOrdiniTest" time="0.002"/>
  <testcase name="testPreparaOrdine" classname="com.awesomepizza.ServizioOrdiniTest" time="0.001"/>
  <testcase name="testCompletaOrdine" classname="com.awesomepizza.ServizioOrdiniTest" time="0.001"/>
</testsuite>